<?xml version="1.0" encoding="UTF-8"?>
<!-- Generated by org.testng.reporters.JUnitReportReporter -->
<testsuite hostname="Faculty-pc-5" failures="0" tests="1" name="com.mvn.ScrollDemo" time="14.361" errors="0" timestamp="2024-09-23T11:02:17 IST" skipped="0">
  <testcase classname="com.mvn.ScrollDemo" name="scroll" time="14.361"/>
</testsuite> <!-- com.mvn.ScrollDemo -->
