<?xml version="1.0" encoding="UTF-8"?>
<!-- Generated by org.testng.reporters.JUnitReportReporter -->
<testsuite hostname="Faculty-pc-5" failures="0" tests="1" name="com.mvn.AlertDemo" time="8.690" errors="0" timestamp="2024-09-25T17:57:04 IST" skipped="0">
  <testcase classname="com.mvn.AlertDemo" name="alert" time="8.690"/>
</testsuite> <!-- com.mvn.AlertDemo -->
