<?xml version="1.0" encoding="UTF-8"?>
<!-- Generated by org.testng.reporters.JUnitReportReporter -->
<testsuite hostname="DESKTOP-6E92PP8" failures="0" tests="1" name="com.mvn.LongPressDemo" time="43.981" errors="0" timestamp="2024-07-23T08:47:54 IST" skipped="0">
  <testcase classname="com.mvn.LongPressDemo" name="longPress" time="43.981"/>
</testsuite> <!-- com.mvn.LongPressDemo -->
