<?xml version="1.0" encoding="UTF-8"?>
<!-- Generated by org.testng.reporters.JUnitReportReporter -->
<testsuite hostname="DESKTOP-6E92PP8" failures="0" tests="1" name="com.mvn.GroceryStoreDemo" time="70.916" errors="0" timestamp="2024-02-28T10:43:19 IST" skipped="0">
  <testcase classname="com.mvn.GroceryStoreDemo" name="store" time="70.916"/>
</testsuite> <!-- com.mvn.GroceryStoreDemo -->
