<?xml version="1.0" encoding="UTF-8"?>
<!-- Generated by org.testng.reporters.JUnitReportReporter -->
<testsuite hostname="Faculty-pc-5" failures="0" tests="1" name="com.mvn.SwipeDemo" time="29.752" errors="0" timestamp="2024-09-27T10:20:42 IST" skipped="0">
  <testcase classname="com.mvn.SwipeDemo" name="swipe" time="29.752"/>
</testsuite> <!-- com.mvn.SwipeDemo -->
