<?xml version="1.0" encoding="UTF-8"?>
<!-- Generated by org.testng.reporters.JUnitReportReporter -->
<testsuite hostname="Faculty-pc-5" failures="0" tests="1" name="com.mvn.DragNDrop" time="7.012" errors="0" timestamp="2024-09-25T10:21:13 IST" skipped="0">
  <testcase classname="com.mvn.DragNDrop" name="drag" time="7.012"/>
</testsuite> <!-- com.mvn.DragNDrop -->
