<?xml version="1.0" encoding="UTF-8"?>
<!-- Generated by org.testng.reporters.JUnitReportReporter -->
<testsuite hostname="Faculty-pc-5" failures="0" tests="1" name="com.mvn.SeekBar" time="14.328" errors="0" timestamp="2024-10-02T10:05:14 IST" skipped="0">
  <testcase classname="com.mvn.SeekBar" name="seekBar" time="14.328"/>
</testsuite> <!-- com.mvn.SeekBar -->
