<?xml version="1.0" encoding="UTF-8"?>
<!-- Generated by org.testng.reporters.JUnitReportReporter -->
<testsuite hostname="DESKTOP-6E92PP8" failures="0" tests="1" name="com.mvn.VaibhavPrac" time="63.041" errors="0" timestamp="2023-11-09T15:17:55 IST" skipped="0">
  <testcase classname="com.mvn.VaibhavPrac" name="store" time="63.041"/>
</testsuite> <!-- com.mvn.VaibhavPrac -->
