<?xml version="1.0" encoding="UTF-8"?>
<!-- Generated by org.testng.reporters.JUnitReportReporter -->
<testsuite hostname="DESKTOP-6E92PP8" failures="0" tests="1" name="com.mvn.LongPress2" time="0.104" errors="1" timestamp="2024-08-22T16:12:26 IST" skipped="0">
  <testcase classname="com.mvn.LongPress2" name="longPress" time="0.104">
    <error message="The session identified by 176e4c69-6a91-467b-aa80-6e5f37f47784 is not known
Build info: version: &#039;4.13.0&#039;, revision: &#039;ba948ece5b*&#039;
System info: os.name: &#039;Windows 10&#039;, os.arch: &#039;amd64&#039;, os.version: &#039;10.0&#039;, java.version: &#039;17.0.8.1&#039;
Driver info: io.appium.java_client.android.AndroidDriver
Command: [ae338995-e99b-4bec-b929-bb56bb745232, findElement {using=accessibility id, value=Views}]
Capabilities {appium:app: H:\apk file\ApiDemos-debug.apk, appium:appPackage: io.appium.android.apis, appium:automationName: UIAutomator2, appium:databaseEnabled: false, appium:desired: {app: H:\apk file\ApiDemos-debug.apk, automationName: UIAutomator2, deviceName: Tanvi, ignoreHiddenApiPolicyError: true, platformName: ANDROID}, appium:deviceApiLevel: 28, appium:deviceManufacturer: Google, appium:deviceModel: AOSP on IA Emulator, appium:deviceName: emulator-5554, appium:deviceScreenDensity: 420, appium:deviceScreenSize: 1080x1920, appium:deviceUDID: emulator-5554, appium:ignoreHiddenApiPolicyError: true, appium:javascriptEnabled: true, appium:locationContextEnabled: false, appium:networkConnectionEnabled: true, appium:pixelRatio: 2.625, appium:platformVersion: 9, appium:statBarHeight: 63, appium:takesScreenshot: true, appium:viewportRect: {height: 1731, left: 0, top: 63, width: 1080}, appium:warnings: {}, appium:webStorageEnabled: false, platformName: ANDROID}
Session ID: ae338995-e99b-4bec-b929-bb56bb745232" type="org.openqa.selenium.NoSuchSessionException">
      <![CDATA[org.openqa.selenium.NoSuchSessionException: The session identified by 176e4c69-6a91-467b-aa80-6e5f37f47784 is not known
Build info: version: '4.13.0', revision: 'ba948ece5b*'
System info: os.name: 'Windows 10', os.arch: 'amd64', os.version: '10.0', java.version: '17.0.8.1'
Driver info: io.appium.java_client.android.AndroidDriver
Command: [ae338995-e99b-4bec-b929-bb56bb745232, findElement {using=accessibility id, value=Views}]
Capabilities {appium:app: H:\apk file\ApiDemos-debug.apk, appium:appPackage: io.appium.android.apis, appium:automationName: UIAutomator2, appium:databaseEnabled: false, appium:desired: {app: H:\apk file\ApiDemos-debug.apk, automationName: UIAutomator2, deviceName: Tanvi, ignoreHiddenApiPolicyError: true, platformName: ANDROID}, appium:deviceApiLevel: 28, appium:deviceManufacturer: Google, appium:deviceModel: AOSP on IA Emulator, appium:deviceName: emulator-5554, appium:deviceScreenDensity: 420, appium:deviceScreenSize: 1080x1920, appium:deviceUDID: emulator-5554, appium:ignoreHiddenApiPolicyError: true, appium:javascriptEnabled: true, appium:locationContextEnabled: false, appium:networkConnectionEnabled: true, appium:pixelRatio: 2.625, appium:platformVersion: 9, appium:statBarHeight: 63, appium:takesScreenshot: true, appium:viewportRect: {height: 1731, left: 0, top: 63, width: 1080}, appium:warnings: {}, appium:webStorageEnabled: false, platformName: ANDROID}
Session ID: ae338995-e99b-4bec-b929-bb56bb745232
at java.base/jdk.internal.reflect.NativeConstructorAccessorImpl.newInstance0(Native Method)
at java.base/jdk.internal.reflect.NativeConstructorAccessorImpl.newInstance(NativeConstructorAccessorImpl.java:77)
at java.base/jdk.internal.reflect.DelegatingConstructorAccessorImpl.newInstance(DelegatingConstructorAccessorImpl.java:45)
at java.base/java.lang.reflect.Constructor.newInstanceWithCaller(Constructor.java:499)
at java.base/java.lang.reflect.Constructor.newInstance(Constructor.java:480)
at org.openqa.selenium.remote.codec.w3c.W3CHttpResponseCodec.createException(W3CHttpResponseCodec.java:200)
at org.openqa.selenium.remote.codec.w3c.W3CHttpResponseCodec.decode(W3CHttpResponseCodec.java:133)
at org.openqa.selenium.remote.codec.w3c.W3CHttpResponseCodec.decode(W3CHttpResponseCodec.java:52)
at org.openqa.selenium.remote.HttpCommandExecutor.execute(HttpCommandExecutor.java:191)
at io.appium.java_client.remote.AppiumCommandExecutor.execute(AppiumCommandExecutor.java:250)
at org.openqa.selenium.remote.RemoteWebDriver.execute(RemoteWebDriver.java:602)
at org.openqa.selenium.remote.ElementLocation$ElementFinder$2.findElement(ElementLocation.java:165)
at org.openqa.selenium.remote.ElementLocation.findElement(ElementLocation.java:66)
at org.openqa.selenium.remote.RemoteWebDriver.findElement(RemoteWebDriver.java:359)
at org.openqa.selenium.remote.RemoteWebDriver.findElement(RemoteWebDriver.java:353)
at com.mvn.LongPress2.longPress(LongPress2.java:14)
at java.base/jdk.internal.reflect.NativeMethodAccessorImpl.invoke0(Native Method)
at java.base/jdk.internal.reflect.NativeMethodAccessorImpl.invoke(NativeMethodAccessorImpl.java:77)
at java.base/jdk.internal.reflect.DelegatingMethodAccessorImpl.invoke(DelegatingMethodAccessorImpl.java:43)
at java.base/java.lang.reflect.Method.invoke(Method.java:568)
at org.testng.internal.invokers.MethodInvocationHelper.invokeMethod(MethodInvocationHelper.java:141)
at org.testng.internal.invokers.TestInvoker.invokeMethod(TestInvoker.java:686)
at org.testng.internal.invokers.TestInvoker.invokeTestMethod(TestInvoker.java:230)
at org.testng.internal.invokers.MethodRunner.runInSequence(MethodRunner.java:63)
at org.testng.internal.invokers.TestInvoker$MethodInvocationAgent.invoke(TestInvoker.java:992)
at org.testng.internal.invokers.TestInvoker.invokeTestMethods(TestInvoker.java:203)
at org.testng.internal.invokers.TestMethodWorker.invokeTestMethods(TestMethodWorker.java:154)
at org.testng.internal.invokers.TestMethodWorker.run(TestMethodWorker.java:134)
at java.base/java.util.ArrayList.forEach(ArrayList.java:1511)
at org.testng.TestRunner.privateRun(TestRunner.java:739)
at org.testng.TestRunner.run(TestRunner.java:614)
at org.testng.SuiteRunner.runTest(SuiteRunner.java:421)
at org.testng.SuiteRunner.runSequentially(SuiteRunner.java:413)
at org.testng.SuiteRunner.privateRun(SuiteRunner.java:373)
at org.testng.SuiteRunner.run(SuiteRunner.java:312)
at org.testng.SuiteRunnerWorker.runSuite(SuiteRunnerWorker.java:52)
at org.testng.SuiteRunnerWorker.run(SuiteRunnerWorker.java:95)
at org.testng.TestNG.runSuitesSequentially(TestNG.java:1274)
at org.testng.TestNG.runSuitesLocally(TestNG.java:1208)
at org.testng.TestNG.runSuites(TestNG.java:1112)
at org.testng.TestNG.run(TestNG.java:1079)
at org.testng.remote.AbstractRemoteTestNG.run(AbstractRemoteTestNG.java:115)
at org.testng.remote.RemoteTestNG.initAndRun(RemoteTestNG.java:293)
at org.testng.remote.RemoteTestNG.main(RemoteTestNG.java:91)
]]>
    </error>
  </testcase> <!-- longPress -->
</testsuite> <!-- com.mvn.LongPress2 -->
